[0m04:24:31.627155 [debug] [MainThread]: Sending event: {'category': 'dbt', 'action': 'invocation', 'label': 'start', 'context': [<snowplow_tracker.self_describing_json.SelfDescribingJson object at 0x7f39f9847050>, <snowplow_tracker.self_describing_json.SelfDescribingJson object at 0x7f39fb2a45f0>, <snowplow_tracker.self_describing_json.SelfDescribingJson object at 0x7f39fa838c50>]}


============================== 04:24:31.635664 | 352a7cab-f2ae-4353-ab77-0ff090f7a33b ==============================
[0m04:24:31.635664 [info ] [MainThread]: Running with dbt=1.9.0
[0m04:24:31.636929 [debug] [MainThread]: running dbt with arguments {'printer_width': '80', 'indirect_selection': 'eager', 'log_cache_events': 'False', 'write_json': 'True', 'partial_parse': 'True', 'cache_selected_only': 'False', 'warn_error': 'None', 'debug': 'False', 'fail_fast': 'False', 'log_path': 'logs', 'profiles_dir': '/root/.dbt', 'version_check': 'True', 'use_colors': 'True', 'use_experimental_parser': 'False', 'empty': 'None', 'quiet': 'False', 'no_print': 'None', 'warn_error_options': 'WarnErrorOptions(include=[], exclude=[])', 'invocation_command': 'dbt init gastos_publicos', 'introspect': 'True', 'static_parser': 'True', 'target_path': 'None', 'log_format': 'default', 'send_anonymous_usage_stats': 'True'}
[0m04:24:31.683280 [warn ] [MainThread]: [ConfigFolderDirectory]: Unable to parse logging event dictionary. Failed to parse dir field: expected string or bytes-like object, got 'PosixPath'.. Dictionary: {'dir': PosixPath('/root/.dbt')}
[0m04:24:31.684627 [info ] [MainThread]: Creating dbt configuration folder at 
[0m04:24:31.687196 [debug] [MainThread]: Starter project path: /usr/local/lib/python3.12/site-packages/dbt/include/starter_project
[0m04:24:31.810505 [info ] [MainThread]: 
Your new dbt project "gastos_publicos" was created!

For more information on how to configure the profiles.yml file,
please consult the dbt documentation here:

  https://docs.getdbt.com/docs/configure-your-profile

One more thing:

Need help? Don't hesitate to reach out to us via GitHub issues or on Slack:

  https://community.getdbt.com/

Happy modeling!

[0m04:24:31.811858 [info ] [MainThread]: Setting up your profile.
[0m04:26:11.452277 [info ] [MainThread]: Profile gastos_publicos written to /root/.dbt/profiles.yml using target's profile_template.yml and your supplied values. Run 'dbt debug' to validate the connection.
[0m04:26:11.455466 [debug] [MainThread]: Resource report: {"command_name": "init", "command_success": true, "command_wall_clock_time": 99.79103, "process_in_blocks": "0", "process_kernel_time": 0.17141, "process_mem_max_rss": "93132", "process_out_blocks": "1472", "process_user_time": 1.361204}
[0m04:26:11.457491 [debug] [MainThread]: Command `dbt init` succeeded at 04:26:11.457263 after 99.79 seconds
[0m04:26:11.458914 [debug] [MainThread]: Sending event: {'category': 'dbt', 'action': 'invocation', 'label': 'end', 'context': [<snowplow_tracker.self_describing_json.SelfDescribingJson object at 0x7f39f91e43b0>, <snowplow_tracker.self_describing_json.SelfDescribingJson object at 0x7f39f99ada60>, <snowplow_tracker.self_describing_json.SelfDescribingJson object at 0x7f39f9238f20>]}
[0m04:26:11.460296 [debug] [MainThread]: Flushing usage events
[0m04:26:12.116104 [debug] [MainThread]: An error was encountered while trying to flush usage events
[0m04:30:13.980552 [debug] [MainThread]: Sending event: {'category': 'dbt', 'action': 'invocation', 'label': 'start', 'context': [<snowplow_tracker.self_describing_json.SelfDescribingJson object at 0x7fc9582c3aa0>, <snowplow_tracker.self_describing_json.SelfDescribingJson object at 0x7fc95a1fc3b0>, <snowplow_tracker.self_describing_json.SelfDescribingJson object at 0x7fc9582c1a90>]}


============================== 04:30:13.984343 | f2b257c7-ac9c-4bdc-b90d-de33e105c023 ==============================
[0m04:30:13.984343 [info ] [MainThread]: Running with dbt=1.9.0
[0m04:30:13.985382 [debug] [MainThread]: running dbt with arguments {'printer_width': '80', 'indirect_selection': 'eager', 'log_cache_events': 'False', 'write_json': 'True', 'partial_parse': 'True', 'cache_selected_only': 'False', 'warn_error': 'None', 'debug': 'False', 'fail_fast': 'False', 'log_path': 'logs', 'profiles_dir': '/root/.dbt', 'version_check': 'True', 'use_colors': 'True', 'use_experimental_parser': 'False', 'empty': 'None', 'quiet': 'False', 'no_print': 'None', 'warn_error_options': 'WarnErrorOptions(include=[], exclude=[])', 'invocation_command': 'dbt debug', 'log_format': 'default', 'static_parser': 'True', 'target_path': 'None', 'introspect': 'True', 'send_anonymous_usage_stats': 'True'}
[0m04:30:13.994581 [info ] [MainThread]: dbt version: 1.9.0
[0m04:30:13.995671 [info ] [MainThread]: python version: 3.12.4
[0m04:30:13.996490 [info ] [MainThread]: python path: /usr/local/bin/python
[0m04:30:13.997276 [info ] [MainThread]: os info: Linux-5.15.167.4-microsoft-standard-WSL2-x86_64-with-glibc2.31
[0m04:30:14.053795 [info ] [MainThread]: Using profiles dir at /root/.dbt
[0m04:30:14.055449 [info ] [MainThread]: Using profiles.yml file at /root/.dbt/profiles.yml
[0m04:30:14.057543 [info ] [MainThread]: Using dbt_project.yml file at /usr/app/dbt_project.yml
[0m04:30:14.058977 [info ] [MainThread]: adapter type: postgres
[0m04:30:14.060198 [info ] [MainThread]: adapter version: 1.9.0
[0m04:30:14.061617 [info ] [MainThread]: Configuration:
[0m04:30:14.062515 [info ] [MainThread]:   profiles.yml file [[32mOK found and valid[0m]
[0m04:30:14.063277 [info ] [MainThread]:   dbt_project.yml file [[31mERROR not found[0m]
[0m04:30:14.064061 [info ] [MainThread]: Required dependencies:
[0m04:30:14.064861 [debug] [MainThread]: Executing "git --help"
[0m04:30:14.067421 [debug] [MainThread]: STDOUT: "b"usage: git [--version] [--help] [-C <path>] [-c <name>=<value>]\n           [--exec-path[=<path>]] [--html-path] [--man-path] [--info-path]\n           [-p | --paginate | -P | --no-pager] [--no-replace-objects] [--bare]\n           [--git-dir=<path>] [--work-tree=<path>] [--namespace=<name>]\n           <command> [<args>]\n\nThese are common Git commands used in various situations:\n\nstart a working area (see also: git help tutorial)\n   clone             Clone a repository into a new directory\n   init              Create an empty Git repository or reinitialize an existing one\n\nwork on the current change (see also: git help everyday)\n   add               Add file contents to the index\n   mv                Move or rename a file, a directory, or a symlink\n   restore           Restore working tree files\n   rm                Remove files from the working tree and from the index\n   sparse-checkout   Initialize and modify the sparse-checkout\n\nexamine the history and state (see also: git help revisions)\n   bisect            Use binary search to find the commit that introduced a bug\n   diff              Show changes between commits, commit and working tree, etc\n   grep              Print lines matching a pattern\n   log               Show commit logs\n   show              Show various types of objects\n   status            Show the working tree status\n\ngrow, mark and tweak your common history\n   branch            List, create, or delete branches\n   commit            Record changes to the repository\n   merge             Join two or more development histories together\n   rebase            Reapply commits on top of another base tip\n   reset             Reset current HEAD to the specified state\n   switch            Switch branches\n   tag               Create, list, delete or verify a tag object signed with GPG\n\ncollaborate (see also: git help workflows)\n   fetch             Download objects and refs from another repository\n   pull              Fetch from and integrate with another repository or a local branch\n   push              Update remote refs along with associated objects\n\n'git help -a' and 'git help -g' list available subcommands and some\nconcept guides. See 'git help <command>' or 'git help <concept>'\nto read about a specific subcommand or concept.\nSee 'git help git' for an overview of the system.\n""
[0m04:30:14.068880 [debug] [MainThread]: STDERR: "b''"
[0m04:30:14.069718 [info ] [MainThread]:  - git [[32mOK found[0m]

[0m04:30:14.070476 [info ] [MainThread]: Connection:
[0m04:30:14.071264 [info ] [MainThread]:   host: postgres_estudos
[0m04:30:14.072257 [info ] [MainThread]:   port: 5432
[0m04:30:14.073285 [info ] [MainThread]:   user: ramon
[0m04:30:14.074386 [info ] [MainThread]:   database: datalake
[0m04:30:14.075574 [info ] [MainThread]:   schema: datalake
[0m04:30:14.076449 [info ] [MainThread]:   connect_timeout: 10
[0m04:30:14.077310 [info ] [MainThread]:   role: None
[0m04:30:14.078086 [info ] [MainThread]:   search_path: None
[0m04:30:14.078851 [info ] [MainThread]:   keepalives_idle: 0
[0m04:30:14.079627 [info ] [MainThread]:   sslmode: None
[0m04:30:14.080453 [info ] [MainThread]:   sslcert: None
[0m04:30:14.081325 [info ] [MainThread]:   sslkey: None
[0m04:30:14.082463 [info ] [MainThread]:   sslrootcert: None
[0m04:30:14.083280 [info ] [MainThread]:   application_name: dbt
[0m04:30:14.084099 [info ] [MainThread]:   retries: 1
[0m04:30:14.085169 [info ] [MainThread]: Registered adapter: postgres=1.9.0
[0m04:30:14.140101 [debug] [MainThread]: Acquiring new postgres connection 'debug'
[0m04:30:14.165492 [debug] [MainThread]: Using postgres connection "debug"
[0m04:30:14.167477 [debug] [MainThread]: On debug: select 1 as id
[0m04:30:14.168508 [debug] [MainThread]: Opening a new connection, currently in state init
[0m04:30:14.183337 [debug] [MainThread]: Postgres adapter: Got a retryable error when attempting to open a postgres connection.
1 attempts remaining. Retrying in 0 seconds.
Error:
connection to server at "postgres_estudos" (172.19.0.2), port 5432 failed: FATAL:  password authentication failed for user "ramon"

[0m04:30:14.195703 [debug] [MainThread]: Postgres adapter: Error running SQL: select 1 as id
[0m04:30:14.196773 [debug] [MainThread]: Postgres adapter: Rolling back transaction.
[0m04:30:14.197696 [debug] [MainThread]: On debug: No close available on handle
[0m04:30:14.198484 [info ] [MainThread]:   Connection test: [[31mERROR[0m]

[0m04:30:14.199541 [info ] [MainThread]: [31m2 checks failed:[0m
[0m04:30:14.200488 [info ] [MainThread]: Project loading failed for the following reason:
 project path </usr/app/dbt_project.yml> not found

[0m04:30:14.201402 [info ] [MainThread]: dbt was unable to connect to the specified database.
The database returned the following error:

  >Database Error
  connection to server at "postgres_estudos" (172.19.0.2), port 5432 failed: FATAL:  password authentication failed for user "ramon"
  

Check your database credentials and try again. For more information, visit:
https://docs.getdbt.com/docs/configure-your-profile


[0m04:30:14.202872 [debug] [MainThread]: Resource report: {"command_name": "debug", "command_success": false, "command_wall_clock_time": 0.31679055, "process_in_blocks": "0", "process_kernel_time": 0.124271, "process_mem_max_rss": "98340", "process_out_blocks": "32", "process_user_time": 1.26343}
[0m04:30:14.203897 [debug] [MainThread]: Command `dbt debug` failed at 04:30:14.203769 after 0.32 seconds
[0m04:30:14.204725 [debug] [MainThread]: Connection 'debug' was properly closed.
[0m04:30:14.205722 [debug] [MainThread]: Sending event: {'category': 'dbt', 'action': 'invocation', 'label': 'end', 'context': [<snowplow_tracker.self_describing_json.SelfDescribingJson object at 0x7fc959bc2b70>, <snowplow_tracker.self_describing_json.SelfDescribingJson object at 0x7fc9581e3740>, <snowplow_tracker.self_describing_json.SelfDescribingJson object at 0x7fc958e829c0>]}
[0m04:30:14.207125 [debug] [MainThread]: Flushing usage events
[0m04:30:14.699097 [debug] [MainThread]: An error was encountered while trying to flush usage events
[0m04:31:33.526625 [debug] [MainThread]: Sending event: {'category': 'dbt', 'action': 'invocation', 'label': 'start', 'context': [<snowplow_tracker.self_describing_json.SelfDescribingJson object at 0x7f9b406353d0>, <snowplow_tracker.self_describing_json.SelfDescribingJson object at 0x7f9b420580e0>, <snowplow_tracker.self_describing_json.SelfDescribingJson object at 0x7f9b407c1940>]}


============================== 04:31:33.531003 | a8148ccc-fef8-4d6f-b3e6-805a1a24d6b2 ==============================
[0m04:31:33.531003 [info ] [MainThread]: Running with dbt=1.9.0
[0m04:31:33.532661 [debug] [MainThread]: running dbt with arguments {'printer_width': '80', 'indirect_selection': 'eager', 'write_json': 'True', 'log_cache_events': 'False', 'partial_parse': 'True', 'cache_selected_only': 'False', 'warn_error': 'None', 'debug': 'False', 'version_check': 'True', 'log_path': 'logs', 'fail_fast': 'False', 'profiles_dir': '/root/.dbt', 'use_colors': 'True', 'use_experimental_parser': 'False', 'empty': 'None', 'quiet': 'False', 'no_print': 'None', 'log_format': 'default', 'introspect': 'True', 'invocation_command': 'dbt debug', 'static_parser': 'True', 'target_path': 'None', 'warn_error_options': 'WarnErrorOptions(include=[], exclude=[])', 'send_anonymous_usage_stats': 'True'}
[0m04:31:33.541176 [info ] [MainThread]: dbt version: 1.9.0
[0m04:31:33.542323 [info ] [MainThread]: python version: 3.12.4
[0m04:31:33.543760 [info ] [MainThread]: python path: /usr/local/bin/python
[0m04:31:33.544923 [info ] [MainThread]: os info: Linux-5.15.167.4-microsoft-standard-WSL2-x86_64-with-glibc2.31
[0m04:31:33.605719 [info ] [MainThread]: Using profiles dir at /root/.dbt
[0m04:31:33.607304 [info ] [MainThread]: Using profiles.yml file at /root/.dbt/profiles.yml
[0m04:31:33.608801 [info ] [MainThread]: Using dbt_project.yml file at /usr/app/dbt_project.yml
[0m04:31:33.610134 [info ] [MainThread]: adapter type: postgres
[0m04:31:33.610968 [info ] [MainThread]: adapter version: 1.9.0
[0m04:31:33.612136 [info ] [MainThread]: Configuration:
[0m04:31:33.613257 [info ] [MainThread]:   profiles.yml file [[32mOK found and valid[0m]
[0m04:31:33.614591 [info ] [MainThread]:   dbt_project.yml file [[31mERROR not found[0m]
[0m04:31:33.615710 [info ] [MainThread]: Required dependencies:
[0m04:31:33.616652 [debug] [MainThread]: Executing "git --help"
[0m04:31:33.618869 [debug] [MainThread]: STDOUT: "b"usage: git [--version] [--help] [-C <path>] [-c <name>=<value>]\n           [--exec-path[=<path>]] [--html-path] [--man-path] [--info-path]\n           [-p | --paginate | -P | --no-pager] [--no-replace-objects] [--bare]\n           [--git-dir=<path>] [--work-tree=<path>] [--namespace=<name>]\n           <command> [<args>]\n\nThese are common Git commands used in various situations:\n\nstart a working area (see also: git help tutorial)\n   clone             Clone a repository into a new directory\n   init              Create an empty Git repository or reinitialize an existing one\n\nwork on the current change (see also: git help everyday)\n   add               Add file contents to the index\n   mv                Move or rename a file, a directory, or a symlink\n   restore           Restore working tree files\n   rm                Remove files from the working tree and from the index\n   sparse-checkout   Initialize and modify the sparse-checkout\n\nexamine the history and state (see also: git help revisions)\n   bisect            Use binary search to find the commit that introduced a bug\n   diff              Show changes between commits, commit and working tree, etc\n   grep              Print lines matching a pattern\n   log               Show commit logs\n   show              Show various types of objects\n   status            Show the working tree status\n\ngrow, mark and tweak your common history\n   branch            List, create, or delete branches\n   commit            Record changes to the repository\n   merge             Join two or more development histories together\n   rebase            Reapply commits on top of another base tip\n   reset             Reset current HEAD to the specified state\n   switch            Switch branches\n   tag               Create, list, delete or verify a tag object signed with GPG\n\ncollaborate (see also: git help workflows)\n   fetch             Download objects and refs from another repository\n   pull              Fetch from and integrate with another repository or a local branch\n   push              Update remote refs along with associated objects\n\n'git help -a' and 'git help -g' list available subcommands and some\nconcept guides. See 'git help <command>' or 'git help <concept>'\nto read about a specific subcommand or concept.\nSee 'git help git' for an overview of the system.\n""
[0m04:31:33.620002 [debug] [MainThread]: STDERR: "b''"
[0m04:31:33.620828 [info ] [MainThread]:  - git [[32mOK found[0m]

[0m04:31:33.621574 [info ] [MainThread]: Connection:
[0m04:31:33.622468 [info ] [MainThread]:   host: postgres_estudos
[0m04:31:33.623295 [info ] [MainThread]:   port: 5432
[0m04:31:33.624194 [info ] [MainThread]:   user: airflow
[0m04:31:33.625149 [info ] [MainThread]:   database: airflow
[0m04:31:33.626153 [info ] [MainThread]:   schema: public
[0m04:31:33.627407 [info ] [MainThread]:   connect_timeout: 10
[0m04:31:33.628258 [info ] [MainThread]:   role: None
[0m04:31:33.629043 [info ] [MainThread]:   search_path: None
[0m04:31:33.629897 [info ] [MainThread]:   keepalives_idle: 0
[0m04:31:33.630928 [info ] [MainThread]:   sslmode: None
[0m04:31:33.632084 [info ] [MainThread]:   sslcert: None
[0m04:31:33.633297 [info ] [MainThread]:   sslkey: None
[0m04:31:33.634860 [info ] [MainThread]:   sslrootcert: None
[0m04:31:33.635895 [info ] [MainThread]:   application_name: dbt
[0m04:31:33.636887 [info ] [MainThread]:   retries: 1
[0m04:31:33.638030 [info ] [MainThread]: Registered adapter: postgres=1.9.0
[0m04:31:33.690565 [debug] [MainThread]: Acquiring new postgres connection 'debug'
[0m04:31:33.717646 [debug] [MainThread]: Using postgres connection "debug"
[0m04:31:33.718946 [debug] [MainThread]: On debug: select 1 as id
[0m04:31:33.719935 [debug] [MainThread]: Opening a new connection, currently in state init
[0m04:31:33.769130 [debug] [MainThread]: SQL status: SELECT 1 in 0.049 seconds
[0m04:31:33.770761 [debug] [MainThread]: On debug: Close
[0m04:31:33.771670 [info ] [MainThread]:   Connection test: [[32mOK connection ok[0m]

[0m04:31:33.772604 [info ] [MainThread]: [31m1 check failed:[0m
[0m04:31:33.773664 [info ] [MainThread]: Project loading failed for the following reason:
 project path </usr/app/dbt_project.yml> not found

[0m04:31:33.775474 [debug] [MainThread]: Resource report: {"command_name": "debug", "command_success": false, "command_wall_clock_time": 0.33653942, "process_in_blocks": "0", "process_kernel_time": 0.121282, "process_mem_max_rss": "98536", "process_out_blocks": "0", "process_user_time": 1.293681}
[0m04:31:33.776468 [debug] [MainThread]: Command `dbt debug` failed at 04:31:33.776355 after 0.34 seconds
[0m04:31:33.777286 [debug] [MainThread]: Connection 'debug' was properly closed.
[0m04:31:33.778041 [debug] [MainThread]: Sending event: {'category': 'dbt', 'action': 'invocation', 'label': 'end', 'context': [<snowplow_tracker.self_describing_json.SelfDescribingJson object at 0x7f9b406353d0>, <snowplow_tracker.self_describing_json.SelfDescribingJson object at 0x7f9b40c7a240>, <snowplow_tracker.self_describing_json.SelfDescribingJson object at 0x7f9b40502420>]}
[0m04:31:33.778941 [debug] [MainThread]: Flushing usage events
[0m04:31:34.264780 [debug] [MainThread]: An error was encountered while trying to flush usage events
[0m22:09:45.069722 [debug] [MainThread]: Sending event: {'category': 'dbt', 'action': 'invocation', 'label': 'start', 'context': [<snowplow_tracker.self_describing_json.SelfDescribingJson object at 0x7fe81c54d490>, <snowplow_tracker.self_describing_json.SelfDescribingJson object at 0x7fe81ce3c980>, <snowplow_tracker.self_describing_json.SelfDescribingJson object at 0x7fe81ce3cbc0>]}


============================== 22:09:45.079350 | 653f39c0-b591-4ce0-aa7e-f129662f8e07 ==============================
[0m22:09:45.079350 [info ] [MainThread]: Running with dbt=1.9.0
[0m22:09:45.080660 [debug] [MainThread]: running dbt with arguments {'printer_width': '80', 'indirect_selection': 'eager', 'write_json': 'True', 'log_cache_events': 'False', 'partial_parse': 'True', 'cache_selected_only': 'False', 'profiles_dir': '/root/.dbt', 'debug': 'False', 'fail_fast': 'False', 'log_path': 'logs', 'version_check': 'True', 'warn_error': 'None', 'use_colors': 'True', 'use_experimental_parser': 'False', 'no_print': 'None', 'quiet': 'False', 'empty': 'None', 'warn_error_options': 'WarnErrorOptions(include=[], exclude=[])', 'introspect': 'True', 'log_format': 'default', 'static_parser': 'True', 'target_path': 'None', 'invocation_command': 'dbt debug', 'send_anonymous_usage_stats': 'True'}
[0m22:09:45.098648 [info ] [MainThread]: dbt version: 1.9.0
[0m22:09:45.099717 [info ] [MainThread]: python version: 3.12.4
[0m22:09:45.100679 [info ] [MainThread]: python path: /usr/local/bin/python
[0m22:09:45.101790 [info ] [MainThread]: os info: Linux-5.15.167.4-microsoft-standard-WSL2-x86_64-with-glibc2.31
[0m22:09:45.103248 [info ] [MainThread]: Using profiles dir at /root/.dbt
[0m22:09:45.104556 [info ] [MainThread]: Using profiles.yml file at /root/.dbt/profiles.yml
[0m22:09:45.105947 [info ] [MainThread]: Using dbt_project.yml file at /usr/app/dbt_project.yml
[0m22:09:45.107122 [info ] [MainThread]: Configuration:
[0m22:09:45.108012 [info ] [MainThread]:   profiles.yml file [[31mERROR not found[0m]
[0m22:09:45.108952 [info ] [MainThread]:   dbt_project.yml file [[31mERROR not found[0m]
[0m22:09:45.109794 [info ] [MainThread]: Required dependencies:
[0m22:09:45.110793 [debug] [MainThread]: Executing "git --help"
[0m22:09:45.123269 [debug] [MainThread]: STDOUT: "b"usage: git [--version] [--help] [-C <path>] [-c <name>=<value>]\n           [--exec-path[=<path>]] [--html-path] [--man-path] [--info-path]\n           [-p | --paginate | -P | --no-pager] [--no-replace-objects] [--bare]\n           [--git-dir=<path>] [--work-tree=<path>] [--namespace=<name>]\n           <command> [<args>]\n\nThese are common Git commands used in various situations:\n\nstart a working area (see also: git help tutorial)\n   clone             Clone a repository into a new directory\n   init              Create an empty Git repository or reinitialize an existing one\n\nwork on the current change (see also: git help everyday)\n   add               Add file contents to the index\n   mv                Move or rename a file, a directory, or a symlink\n   restore           Restore working tree files\n   rm                Remove files from the working tree and from the index\n   sparse-checkout   Initialize and modify the sparse-checkout\n\nexamine the history and state (see also: git help revisions)\n   bisect            Use binary search to find the commit that introduced a bug\n   diff              Show changes between commits, commit and working tree, etc\n   grep              Print lines matching a pattern\n   log               Show commit logs\n   show              Show various types of objects\n   status            Show the working tree status\n\ngrow, mark and tweak your common history\n   branch            List, create, or delete branches\n   commit            Record changes to the repository\n   merge             Join two or more development histories together\n   rebase            Reapply commits on top of another base tip\n   reset             Reset current HEAD to the specified state\n   switch            Switch branches\n   tag               Create, list, delete or verify a tag object signed with GPG\n\ncollaborate (see also: git help workflows)\n   fetch             Download objects and refs from another repository\n   pull              Fetch from and integrate with another repository or a local branch\n   push              Update remote refs along with associated objects\n\n'git help -a' and 'git help -g' list available subcommands and some\nconcept guides. See 'git help <command>' or 'git help <concept>'\nto read about a specific subcommand or concept.\nSee 'git help git' for an overview of the system.\n""
[0m22:09:45.124760 [debug] [MainThread]: STDERR: "b''"
[0m22:09:45.125815 [info ] [MainThread]:  - git [[32mOK found[0m]

[0m22:09:45.126936 [info ] [MainThread]: Connection test skipped since no profile was found
[0m22:09:45.128457 [info ] [MainThread]: [31m2 checks failed:[0m
[0m22:09:45.129980 [info ] [MainThread]: dbt looked for a profiles.yml file in /root/.dbt/profiles.yml, but did
not find one. For more information on configuring your profile, consult the
documentation:

https://docs.getdbt.com/docs/configure-your-profile


[0m22:09:45.130943 [info ] [MainThread]: Project loading failed for the following reason:
 project path </usr/app/dbt_project.yml> not found

[0m22:09:45.133294 [debug] [MainThread]: Resource report: {"command_name": "debug", "command_success": false, "command_wall_clock_time": 0.15805936, "process_in_blocks": "1416", "process_kernel_time": 0.070918, "process_mem_max_rss": "86680", "process_out_blocks": "48", "process_user_time": 1.236014}
[0m22:09:45.134564 [debug] [MainThread]: Command `dbt debug` failed at 22:09:45.134386 after 0.16 seconds
[0m22:09:45.135566 [debug] [MainThread]: Sending event: {'category': 'dbt', 'action': 'invocation', 'label': 'end', 'context': [<snowplow_tracker.self_describing_json.SelfDescribingJson object at 0x7fe81c2d9220>, <snowplow_tracker.self_describing_json.SelfDescribingJson object at 0x7fe81c3e8d10>, <snowplow_tracker.self_describing_json.SelfDescribingJson object at 0x7fe81c5b8b00>]}
[0m22:09:45.136732 [debug] [MainThread]: Flushing usage events
[0m22:09:45.738819 [debug] [MainThread]: An error was encountered while trying to flush usage events
